0 info it worked if it ends with ok
1 verbose cli [ '/home/komodo/.nvm/versions/io.js/v3.3.1/bin/iojs',
1 verbose cli   '/home/komodo/.nvm/versions/io.js/v3.3.1/bin/npm',
1 verbose cli   'run',
1 verbose cli   'dev' ]
2 info using npm@2.14.3
3 info using node@v3.3.1
4 verbose stack Error: ENOENT: no such file or directory, open '/home/komodo/projects/ecap/package.json'
4 verbose stack     at Error (native)
5 verbose cwd /home/komodo/projects/ecap
6 error Linux 7.0.12-201.fc44.x86_64
7 error argv "/home/komodo/.nvm/versions/io.js/v3.3.1/bin/iojs" "/home/komodo/.nvm/versions/io.js/v3.3.1/bin/npm" "run" "dev"
8 error node v3.3.1
9 error npm  v2.14.3
10 error path /home/komodo/projects/ecap/package.json
11 error code ENOENT
12 error errno -2
13 error syscall open
14 error enoent ENOENT: no such file or directory, open '/home/komodo/projects/ecap/package.json'
14 error enoent This is most likely not a problem with npm itself
14 error enoent and is related to npm not being able to find a file.
15 verbose exit [ -2, true ]
